<?xml version="1.0" encoding="UTF-8"?>
<testng-results skipped="0" failed="0" ignored="0" total="1" passed="1">
  <reporter-output>
  </reporter-output>
  <suite name="Default suite" duration-ms="61318" started-at="2020-11-21T09:08:37 EST" finished-at="2020-11-21T09:09:39 EST">
    <groups>
    </groups>
    <test name="Default test" duration-ms="61318" started-at="2020-11-21T09:08:37 EST" finished-at="2020-11-21T09:09:39 EST">
      <class name="com.testing.demo.EcommerceOrder">
        <test-method status="PASS" signature="login()[pri:0, instance:com.testing.demo.EcommerceOrder@54422e18]" name="login" is-config="true" duration-ms="16743" started-at="2020-11-21T09:08:37 EST" finished-at="2020-11-21T09:08:54 EST">
          <reporter-output>
          </reporter-output>
        </test-method> <!-- login -->
        <test-method status="PASS" signature="orderPlacement()[pri:0, instance:com.testing.demo.EcommerceOrder@54422e18]" name="orderPlacement" duration-ms="40713" started-at="2020-11-21T09:08:54 EST" finished-at="2020-11-21T09:09:35 EST">
          <reporter-output>
          </reporter-output>
        </test-method> <!-- orderPlacement -->
        <test-method status="PASS" signature="afterTest()[pri:0, instance:com.testing.demo.EcommerceOrder@54422e18]" name="afterTest" is-config="true" duration-ms="3828" started-at="2020-11-21T09:09:35 EST" finished-at="2020-11-21T09:09:39 EST">
          <reporter-output>
          </reporter-output>
        </test-method> <!-- afterTest -->
      </class> <!-- com.testing.demo.EcommerceOrder -->
    </test> <!-- Default test -->
  </suite> <!-- Default suite -->
</testng-results>
