<?xml version="1.0" encoding="UTF-8"?>
<testng-results skipped="0" failed="0" ignored="0" total="1" passed="1">
  <reporter-output>
  </reporter-output>
  <suite name="Suite" duration-ms="19878" started-at="2020-11-21T01:40:18 EST" finished-at="2020-11-21T01:40:38 EST">
    <groups>
    </groups>
    <test name="Test" duration-ms="19878" started-at="2020-11-21T01:40:18 EST" finished-at="2020-11-21T01:40:38 EST">
      <class name="com.testing.demo.EcommerceOrder">
        <test-method status="PASS" signature="login()[pri:0, instance:com.testing.demo.EcommerceOrder@5e853265]" name="login" is-config="true" duration-ms="19856" started-at="2020-11-21T01:40:18 EST" finished-at="2020-11-21T01:40:38 EST">
          <reporter-output>
          </reporter-output>
        </test-method> <!-- login -->
        <test-method status="PASS" signature="placingOrder()[pri:0, instance:com.testing.demo.EcommerceOrder@5e853265]" name="placingOrder" duration-ms="3" started-at="2020-11-21T01:40:38 EST" finished-at="2020-11-21T01:40:38 EST">
          <reporter-output>
          </reporter-output>
        </test-method> <!-- placingOrder -->
        <test-method status="PASS" signature="afterTest()[pri:0, instance:com.testing.demo.EcommerceOrder@5e853265]" name="afterTest" is-config="true" duration-ms="0" started-at="2020-11-21T01:40:38 EST" finished-at="2020-11-21T01:40:38 EST">
          <reporter-output>
          </reporter-output>
        </test-method> <!-- afterTest -->
      </class> <!-- com.testing.demo.EcommerceOrder -->
    </test> <!-- Test -->
  </suite> <!-- Suite -->
</testng-results>
